123
170
217
264
311
358
405
452
499
546
593
640
687
734
781
828
875
922
969
1016
1063
1110
1157
1204
1251
1298
1345
1392
1439
1486
1533
1580
1627
1674
1721
1768
1815
1862
1909
1956
2003
2050
2097
2144
2191
2238
2285
2332
2379
2426
2473
2520
2567
2614
2661
2708
2755
2802
2849
2896
2943
2990
3037
3084
3131
3178
3225
3272
3319
3366
3413
3460
3507
3554
3601
3648
3695
3742
3789
3836
3883
3930
3977
4024
4071
4118
4165
4212
4259
4306
4353
4400
4447
4494
4541
4588
4635
4682
4729
4776
4823
4870
4917
4964
5011
5058
5105
5152
5199
5246
5293
5340
5387
5434
5481
5528
5575
5622
5669
5716
5763
5810
5857
5904
5951
5998
6045
6092
6139
6186
6233
6280
6327
6374
6421
6468
6515
6562
6609
6656
6703
6750
6797
6844
6891
6938
6985
7032
7079
7126
7173
7220
7267
7314
7361
7408
7455
7502
7549
7596
7643
7690
7737
7784
7831
7878
7925
7972
8019
8066
8113
8160
8207
8254
8301
8348
8395
8442
8489
8536
8583
8630
8677
8724
8771
8818
8865
8912
8959
9006
9053
9100
9147
9194
9241
9288
9335
9382
9429
9476
9523
9570
9617
9664
9711
9758
9805
9852
9899
9946
9993
10040
10087
10134
10181
10228
10275
10322
10369
10416
10463
10510
10557
10604
10651
10698
10745
10792
10839
10886
10933
10980
11027
11074
11121
11168
11215
11262
11309
11356
11403
11450
11497
11544
11591
11638
11685
11732
11779
11826
11873
11920
11967
12014
12061
12108
12155
12202
12249
12296
12343
12390
12437
12484
12531
12578
12625
12672
12719
12766
12813
12860
12907
12954
13001
13048
13095
13142
13189
13236
13283
13330
13377
13424
13471
13518
13565
13612
13659
13706
13753
13800
13847
13894
13941
13988
14035
14082
14129
14176
14223
14270
14317
14364
14411
14458
14505
14552
14599
14646
14693
14740
14787
14834
14881
14928
14975
15022
15069
15116
15163
15210
15257
15304
15351
15398
15445
15492
15539
15586
15633
15680
15727
15774
15821
15868
15915
15962
16009
16056
16103
16150
16197
16244
16291
16338
16385
16432
16479
16526
16573
16620
16667
16714
16761
16808
16855
16902
16949
16996
17043
17090
17137
17184
17231
17278
17325
17372
17419
17466
17513
17560
17607
17654
17701
17748
17795
17842
17889
17936
17983
18030
18077
18124
18171
18218
18265
18312
18359
18406
18453
18500
18547
18594
18641
18688
18735
18782
18829
18876
18923
18970
19017
19064
19111
19158
19205
19252
19299
19346
19393
19440
19487
19534
19581
19628
19675
19722
19769
19816
19863
19910
19957
20004
20051
20098
20145
20192
20239
20286
20333
20380
20427
20474
20521
20568
20615
20662
20709
20756
20803
20850
20897
20944
20991
21038
21085
21132
21179
21226
21273
21320
21367
21414
21461
21508
21555
21602
21649
21696
21743
21790
21837
21884
21931
21978
22025
22072
22119
22166
22213
22260
22307
22354
22401
22448
22495
22542
22589
22636
22683
22730
22777
22824
22871
22918
22965
23012
23059
23106
23153
23200
23247
23294
23341
23388
23435
23482
23529
23576
23623
23670
23717
23764
23811
23858
23905
23952
23999
24046
24093
24140
24187
24234
24281
24328
24375
24422
24469
24516
24563
24610
24657
24704
24751
24798
24845
24892
24939
24986
25033
25080
25127
25174
25221
25268
25315
25362
25409
25456
25503
25550
25597
25644
25691
25738
25785
25832
25879
25926
25973
26020
26067
26114
26161
26208
26255
26302
26349
26396
26443
26490
26537
26584
26631
26678
26725
26772
26819
26866
26913
26960
27007
27054
27101
27148
27195
27242
27289
27336
27383
27430
27477
27524
27571
27618
27665
27712
27759
27806
27853
27900
27947
27994
28041
28088
28135
28182
28229
28276
28323
28370
28417
28464
28511
28558
28605
28652
28699
28746
28793
28840
28887
28934
28981
29028
29075
29122
29169
29216
29263
29310
29357
29404
29451
29498
29545
29592
29639
29686
29733
29780
29827
29874
29921
29968
30015
30062
30109
30156
30203
30250
30297
30344
30391
30438
30485
30532
30579
30626
30673
30720
30767
30814
30861
30908
30955
31002
31049
31096
31143
31190
31237
31284
31331
31378
31425
31472
31519
31566
31613
31660
31707
31754
31801
31848
31895
31942
31989
32036
32083
32130
32177
32224
32271
32318
32365
32412
32459
32506
32553
32600
32647
32694
32741
32788
32835
32882
32929
32976
33023
33070
33117
33164
33211
33258
33305
33352
33399
33446
33493
33540
33587
33634
33681
33728
33775
33822
33869
33916
33963
34010
34057
34104
34151
34198
34245
34292
34339
34386
34433
34480
34527
34574
34621
34668
34715
34762
34809
34856
34903
34950
34997
35044
35091
35138
35185
35232
35279
35326
35373
35420
35467
35514
35561
35608
35655
35702
35749
35796
35843
35890
35937
35984
36031
36078
36125
36172
36219
36266
36313
36360
36407
36454
36501
36548
36595
36642
36689
36736
36783
36830
36877
36924
36971
37018
37065
37112
37159
37206
37253
37300
37347
37394
37441
37488
37535
37582
37629
37676
37723
37770
37817
37864
37911
37958
38005
38052
38099
38146
38193
38240
38287
38334
38381
38428
38475
38522
38569
38616
38663
38710
38757
38804
38851
38898
38945
38992
39039
39086
39133
39180
39227
39274
39321
39368
39415
39462
39509
39556
39603
39650
39697
39744
39791
39838
39885
39932
39979
40026
40073
40120
40167
40214
40261
40308
40355
40402
40449
40496
40543
40590
40637
40684
40731
40778
40825
40872
40919
40966
41013
41060
41107
41154
41201
41248
41295
41342
41389
41436
41483
41530
41577
41624
41671
41718
41765
41812
41859
41906
41953
42000
42047
42094
42141
42188
42235
42282
42329
42376
42423
42470
42517
42564
42611
42658
42705
42752
42799
42846
42893
42940
42987
43034
43081
43128
43175
43222
43269
43316
43363
43410
43457
43504
43551
43598
43645
43692
43739
43786
43833
43880
43927
43974
44021
44068
44115
44162
44209
44256
44303
44350
44397
44444
44491
44538
44585
44632
44679
44726
44773
44820
44867
44914
44961
45008
45055
45102
45149
45196
45243
45290
45337
45384
45431
45478
45525
45572
45619
45666
45713
45760
45807
45854
45901
45948
45995
46042
46089
46136
46183
46230
46277
46324
46371
46418
46465
46512
46559
46606
46653
46700
46747
46794
46841
46888
46935
46982
47029
47076
47123
47170
47217
47264
47311
47358
47405
47452
47499
47546
47593
47640
47687
47734
47781
47828
47875
47922
47969
48016
48063
48110
48157
48204
48251
48298
48345
48392
48439
48486
48533
48580
48627
48674
48721
48768
48815
48862
48909
48956
49003
49050
49097
49144
49191
49238
49285
49332
49379
49426
49473
49520
49567
49614
49661
49708
49755
49802
49849
49896
49943
49990
50037
50084
50131
50178
50225
50272
50319
50366
50413
50460
50507
50554
50601
50648
50695
50742
50789
50836
50883
50930
50977
51024
51071
51118
51165
51212
51259
51306
51353
51400
51447
51494
51541
51588
51635
51682
51729
51776
51823
51870
51917
51964
52011
52058
52105
52152
52199
52246
52293
52340
52387
52434
52481
52528
52575
52622
52669
52716
52763
52810
52857
52904
52951
52998
53045
53092
53139
53186
53233
53280
53327
53374
53421
53468
53515
53562
53609
53656
53703
53750
53797
53844
53891
53938
53985
54032
54079
54126
54173
54220
54267
54314
